2014-04-16 21:35:45,525 INFO  [org.jboss.modules] (main) JBoss Modules version 1.3.0.Final
2014-04-16 21:35:46,523 INFO  [org.jboss.msc] (main) JBoss MSC version 1.2.0.Final
2014-04-16 21:35:46,948 INFO  [org.jboss.as] (MSC service thread 1-6) JBAS015899: WildFly 8.0.0.Final "WildFly" starting
2014-04-16 21:35:46,957 DEBUG [org.jboss.as.config] (MSC service thread 1-6) Configured system properties:
	awt.toolkit = sun.lwawt.macosx.LWCToolkit
	file.encoding = UTF-8
	file.encoding.pkg = sun.io
	file.separator = /
	ftp.nonProxyHosts = local|*.local|169.254/16|*.169.254/16
	gopherProxySet = false
	http.nonProxyHosts = local|*.local|169.254/16|*.169.254/16
	java.awt.graphicsenv = sun.awt.CGraphicsEnvironment
	java.awt.printerjob = sun.lwawt.macosx.CPrinterJob
	java.class.path = /Users/henry/dev/workspaces/BookMyWings/book-my-wings/aircraft/aircraft-service/target/wildfly-run/wildfly-8.0.0.Final/jboss-modules.jar
	java.class.version = 51.0
	java.endorsed.dirs = /Library/Java/JavaVirtualMachines/jdk1.7.0_51.jdk/Contents/Home/jre/lib/endorsed
	java.ext.dirs = /Users/henry/Library/Java/Extensions:/Library/Java/JavaVirtualMachines/jdk1.7.0_51.jdk/Contents/Home/jre/lib/ext:/Library/Java/Extensions:/Network/Library/Java/Extensions:/System/Library/Java/Extensions:/usr/lib/java
	java.home = /Library/Java/JavaVirtualMachines/jdk1.7.0_51.jdk/Contents/Home/jre
	java.io.tmpdir = /var/folders/28/6s60r7x13335t4bm23wpq2nm0000gn/T/
	java.library.path = /Users/henry/Library/Java/Extensions:/Library/Java/Extensions:/Network/Library/Java/Extensions:/System/Library/Java/Extensions:/usr/lib/java:.
	java.net.preferIPv4Stack = true
	java.runtime.name = Java(TM) SE Runtime Environment
	java.runtime.version = 1.7.0_51-b13
	java.specification.name = Java Platform API Specification
	java.specification.vendor = Oracle Corporation
	java.specification.version = 1.7
	java.util.logging.manager = org.jboss.logmanager.LogManager
	java.vendor = Oracle Corporation
	java.vendor.url = http://java.oracle.com/
	java.vendor.url.bug = http://bugreport.sun.com/bugreport/
	java.version = 1.7.0_51
	java.vm.info = mixed mode
	java.vm.name = Java HotSpot(TM) 64-Bit Server VM
	java.vm.specification.name = Java Virtual Machine Specification
	java.vm.specification.vendor = Oracle Corporation
	java.vm.specification.version = 1.7
	java.vm.vendor = Oracle Corporation
	java.vm.version = 24.51-b03
	javax.management.builder.initial = org.jboss.as.jmx.PluggableMBeanServerBuilder
	javax.xml.datatype.DatatypeFactory = __redirected.__DatatypeFactory
	javax.xml.parsers.DocumentBuilderFactory = __redirected.__DocumentBuilderFactory
	javax.xml.parsers.SAXParserFactory = __redirected.__SAXParserFactory
	javax.xml.stream.XMLEventFactory = __redirected.__XMLEventFactory
	javax.xml.stream.XMLInputFactory = __redirected.__XMLInputFactory
	javax.xml.stream.XMLOutputFactory = __redirected.__XMLOutputFactory
	javax.xml.transform.TransformerFactory = __redirected.__TransformerFactory
	javax.xml.validation.SchemaFactory:http://www.w3.org/2001/XMLSchema = __redirected.__SchemaFactory
	javax.xml.xpath.XPathFactory:http://java.sun.com/jaxp/xpath/dom = __redirected.__XPathFactory
	jboss.home.dir = /Users/henry/dev/workspaces/BookMyWings/book-my-wings/aircraft/aircraft-service/target/wildfly-run/wildfly-8.0.0.Final
	jboss.host.name = henrys-macbook-pro
	jboss.modules.dir = /Users/henry/dev/workspaces/BookMyWings/book-my-wings/aircraft/aircraft-service/target/wildfly-run/wildfly-8.0.0.Final/modules
	jboss.node.name = henrys-macbook-pro
	jboss.qualified.host.name = henrys-macbook-pro.local
	jboss.server.base.dir = /Users/henry/dev/workspaces/BookMyWings/book-my-wings/aircraft/aircraft-service/target/wildfly-run/wildfly-8.0.0.Final/standalone
	jboss.server.config.dir = /Users/henry/dev/workspaces/BookMyWings/book-my-wings/aircraft/aircraft-service/target/wildfly-run/wildfly-8.0.0.Final/standalone/configuration
	jboss.server.data.dir = /Users/henry/dev/workspaces/BookMyWings/book-my-wings/aircraft/aircraft-service/target/wildfly-run/wildfly-8.0.0.Final/standalone/data
	jboss.server.deploy.dir = /Users/henry/dev/workspaces/BookMyWings/book-my-wings/aircraft/aircraft-service/target/wildfly-run/wildfly-8.0.0.Final/standalone/data/content
	jboss.server.log.dir = /Users/henry/dev/workspaces/BookMyWings/book-my-wings/aircraft/aircraft-service/target/wildfly-run/wildfly-8.0.0.Final/standalone/log
	jboss.server.name = henrys-macbook-pro
	jboss.server.persist.config = true
	jboss.server.temp.dir = /Users/henry/dev/workspaces/BookMyWings/book-my-wings/aircraft/aircraft-service/target/wildfly-run/wildfly-8.0.0.Final/standalone/tmp
	line.separator = 

	logging.configuration = file:/Users/henry/dev/workspaces/BookMyWings/book-my-wings/aircraft/aircraft-service/target/wildfly-run/wildfly-8.0.0.Final/standalone/configuration/logging.properties
	module.path = /Users/henry/dev/workspaces/BookMyWings/book-my-wings/aircraft/aircraft-service/target/wildfly-run/wildfly-8.0.0.Final/modules
	org.jboss.boot.log.file = /Users/henry/dev/workspaces/BookMyWings/book-my-wings/aircraft/aircraft-service/target/wildfly-run/wildfly-8.0.0.Final/standalone/log/server.log
	org.jboss.resolver.warning = true
	org.xml.sax.driver = __redirected.__XMLReaderFactory
	os.arch = x86_64
	os.name = Mac OS X
	os.version = 10.9.2
	path.separator = :
	socksNonProxyHosts = local|*.local|169.254/16|*.169.254/16
	sun.arch.data.model = 64
	sun.boot.class.path = /Library/Java/JavaVirtualMachines/jdk1.7.0_51.jdk/Contents/Home/jre/lib/resources.jar:/Library/Java/JavaVirtualMachines/jdk1.7.0_51.jdk/Contents/Home/jre/lib/rt.jar:/Library/Java/JavaVirtualMachines/jdk1.7.0_51.jdk/Contents/Home/jre/lib/sunrsasign.jar:/Library/Java/JavaVirtualMachines/jdk1.7.0_51.jdk/Contents/Home/jre/lib/jsse.jar:/Library/Java/JavaVirtualMachines/jdk1.7.0_51.jdk/Contents/Home/jre/lib/jce.jar:/Library/Java/JavaVirtualMachines/jdk1.7.0_51.jdk/Contents/Home/jre/lib/charsets.jar:/Library/Java/JavaVirtualMachines/jdk1.7.0_51.jdk/Contents/Home/jre/lib/jfr.jar:/Library/Java/JavaVirtualMachines/jdk1.7.0_51.jdk/Contents/Home/jre/classes
	sun.boot.library.path = /Library/Java/JavaVirtualMachines/jdk1.7.0_51.jdk/Contents/Home/jre/lib
	sun.cpu.endian = little
	sun.cpu.isalist = 
	sun.io.unicode.encoding = UnicodeBig
	sun.java.command = /Users/henry/dev/workspaces/BookMyWings/book-my-wings/aircraft/aircraft-service/target/wildfly-run/wildfly-8.0.0.Final/jboss-modules.jar -mp /Users/henry/dev/workspaces/BookMyWings/book-my-wings/aircraft/aircraft-service/target/wildfly-run/wildfly-8.0.0.Final/modules org.jboss.as.standalone -Djboss.home.dir=/Users/henry/dev/workspaces/BookMyWings/book-my-wings/aircraft/aircraft-service/target/wildfly-run/wildfly-8.0.0.Final
	sun.java.launcher = SUN_STANDARD
	sun.jnu.encoding = UTF-8
	sun.management.compiler = HotSpot 64-Bit Tiered Compilers
	sun.os.patch.level = unknown
	user.country = DE
	user.dir = /Users/henry/dev/workspaces/BookMyWings/book-my-wings
	user.home = /Users/henry
	user.language = de
	user.name = henry
	user.timezone = Europe/Berlin
2014-04-16 21:35:46,961 DEBUG [org.jboss.as.config] (MSC service thread 1-6) VM Arguments: -Xms64m -Xmx512m -XX:MaxPermSize=256m -Djava.net.preferIPv4Stack=true -Dorg.jboss.boot.log.file=/Users/henry/dev/workspaces/BookMyWings/book-my-wings/aircraft/aircraft-service/target/wildfly-run/wildfly-8.0.0.Final/standalone/log/server.log -Dlogging.configuration=file:/Users/henry/dev/workspaces/BookMyWings/book-my-wings/aircraft/aircraft-service/target/wildfly-run/wildfly-8.0.0.Final/standalone/configuration/logging.properties 
2014-04-16 21:35:48,724 INFO  [org.jboss.as.server] (Controller Boot Thread) JBAS015888: Creating http management service using socket-binding (management-http)
2014-04-16 21:35:48,752 INFO  [org.xnio] (MSC service thread 1-5) XNIO version 3.2.0.Final
2014-04-16 21:35:48,765 INFO  [org.xnio.nio] (MSC service thread 1-5) XNIO NIO Implementation Version 3.2.0.Final
2014-04-16 21:35:48,864 INFO  [org.jboss.as.connector.subsystems.datasources] (ServerService Thread Pool -- 28) JBAS010403: Deploying JDBC-compliant driver class org.h2.Driver (version 1.3)
2014-04-16 21:35:48,872 INFO  [org.jboss.as.clustering.infinispan] (ServerService Thread Pool -- 33) JBAS010280: Activating Infinispan subsystem.
2014-04-16 21:35:48,882 INFO  [org.jboss.as.naming] (ServerService Thread Pool -- 41) JBAS011800: Activating Naming Subsystem
2014-04-16 21:35:48,890 INFO  [org.jboss.as.security] (ServerService Thread Pool -- 46) JBAS013171: Activating Security Subsystem
2014-04-16 21:35:48,912 INFO  [org.jboss.as.jsf] (ServerService Thread Pool -- 39) JBAS012615: Activated the following JSF Implementations: [main]
2014-04-16 21:35:48,933 INFO  [org.jboss.as.webservices] (ServerService Thread Pool -- 50) JBAS015537: Activating WebServices Extension
2014-04-16 21:35:48,954 INFO  [org.jboss.as.security] (MSC service thread 1-6) JBAS013170: Current PicketBox version=4.0.20.Final
2014-04-16 21:35:48,963 INFO  [org.jboss.remoting] (MSC service thread 1-3) JBoss Remoting version 4.0.0.Final
2014-04-16 21:35:49,027 INFO  [org.wildfly.extension.undertow] (MSC service thread 1-2) JBAS017502: Undertow 1.0.0.Final starting
2014-04-16 21:35:49,028 INFO  [org.wildfly.extension.undertow] (ServerService Thread Pool -- 49) JBAS017502: Undertow 1.0.0.Final starting
2014-04-16 21:35:49,033 INFO  [org.jboss.as.connector.logging] (MSC service thread 1-7) JBAS010408: Starting JCA Subsystem (IronJacamar 1.1.3.Final)
2014-04-16 21:35:49,042 INFO  [org.jboss.as.naming] (MSC service thread 1-8) JBAS011802: Starting Naming Service
2014-04-16 21:35:49,051 INFO  [org.jboss.as.mail.extension] (MSC service thread 1-2) JBAS015400: Bound mail session [java:jboss/mail/Default]
2014-04-16 21:35:49,085 INFO  [org.jboss.as.connector.deployers.jdbc] (MSC service thread 1-4) JBAS010417: Started Driver service with driver-name = h2
2014-04-16 21:35:49,418 INFO  [org.wildfly.extension.undertow] (MSC service thread 1-4) JBAS017525: Started server default-server.
2014-04-16 21:35:49,424 INFO  [org.wildfly.extension.undertow] (ServerService Thread Pool -- 49) JBAS017527: Creating file handler for path /Users/henry/dev/workspaces/BookMyWings/book-my-wings/aircraft/aircraft-service/target/wildfly-run/wildfly-8.0.0.Final/welcome-content
2014-04-16 21:35:49,453 INFO  [org.wildfly.extension.undertow] (MSC service thread 1-6) JBAS017531: Host default-host starting
2014-04-16 21:35:49,594 ERROR [org.jboss.msc.service.fail] (MSC service thread 1-4) MSC000001: Failed to start service jboss.undertow.listener.default: org.jboss.msc.service.StartException in service jboss.undertow.listener.default: Could not start http listener
	at org.wildfly.extension.undertow.ListenerService.start(ListenerService.java:135)
	at org.jboss.msc.service.ServiceControllerImpl$StartTask.startService(ServiceControllerImpl.java:1948) [jboss-msc-1.2.0.Final.jar:1.2.0.Final]
	at org.jboss.msc.service.ServiceControllerImpl$StartTask.run(ServiceControllerImpl.java:1881) [jboss-msc-1.2.0.Final.jar:1.2.0.Final]
	at java.util.concurrent.ThreadPoolExecutor.runWorker(ThreadPoolExecutor.java:1145) [rt.jar:1.7.0_51]
	at java.util.concurrent.ThreadPoolExecutor$Worker.run(ThreadPoolExecutor.java:615) [rt.jar:1.7.0_51]
	at java.lang.Thread.run(Thread.java:744) [rt.jar:1.7.0_51]
Caused by: java.net.BindException: Address already in use
	at sun.nio.ch.Net.bind0(Native Method) [rt.jar:1.7.0_51]
	at sun.nio.ch.Net.bind(Net.java:444) [rt.jar:1.7.0_51]
	at sun.nio.ch.Net.bind(Net.java:436) [rt.jar:1.7.0_51]
	at sun.nio.ch.ServerSocketChannelImpl.bind(ServerSocketChannelImpl.java:214) [rt.jar:1.7.0_51]
	at sun.nio.ch.ServerSocketAdaptor.bind(ServerSocketAdaptor.java:74) [rt.jar:1.7.0_51]
	at sun.nio.ch.ServerSocketAdaptor.bind(ServerSocketAdaptor.java:67) [rt.jar:1.7.0_51]
	at org.xnio.nio.NioXnioWorker.createTcpConnectionServer(NioXnioWorker.java:175)
	at org.xnio.XnioWorker.createStreamConnectionServer(XnioWorker.java:242)
	at org.wildfly.extension.undertow.HttpListenerService.startListening(HttpListenerService.java:112)
	at org.wildfly.extension.undertow.ListenerService.start(ListenerService.java:132)
	... 5 more

2014-04-16 21:35:49,903 INFO  [org.jboss.as.connector.subsystems.datasources] (MSC service thread 1-7) JBAS010400: Bound data source [java:jboss/datasources/ExampleDS]
2014-04-16 21:35:49,996 INFO  [org.jboss.as.server.deployment.scanner] (MSC service thread 1-1) JBAS015012: Started FileSystemDeploymentService for directory /Users/henry/dev/workspaces/BookMyWings/book-my-wings/aircraft/aircraft-service/target/wildfly-run/wildfly-8.0.0.Final/standalone/deployments
2014-04-16 21:35:50,068 ERROR [org.jboss.msc.service.fail] (MSC service thread 1-5) MSC000001: Failed to start service jboss.serverManagement.controller.management.http: org.jboss.msc.service.StartException in service jboss.serverManagement.controller.management.http: JBAS015811: Failed to start the http-interface service
	at org.jboss.as.server.mgmt.UndertowHttpManagementService.start(UndertowHttpManagementService.java:258) [wildfly-server-8.0.0.Final.jar:8.0.0.Final]
	at org.jboss.msc.service.ServiceControllerImpl$StartTask.startService(ServiceControllerImpl.java:1948) [jboss-msc-1.2.0.Final.jar:1.2.0.Final]
	at org.jboss.msc.service.ServiceControllerImpl$StartTask.run(ServiceControllerImpl.java:1881) [jboss-msc-1.2.0.Final.jar:1.2.0.Final]
	at java.util.concurrent.ThreadPoolExecutor.runWorker(ThreadPoolExecutor.java:1145) [rt.jar:1.7.0_51]
	at java.util.concurrent.ThreadPoolExecutor$Worker.run(ThreadPoolExecutor.java:615) [rt.jar:1.7.0_51]
	at java.lang.Thread.run(Thread.java:744) [rt.jar:1.7.0_51]
Caused by: java.lang.RuntimeException: java.net.BindException: Address already in use
	at org.jboss.as.domain.http.server.ManagementHttpServer.start(ManagementHttpServer.java:156)
	at org.jboss.as.server.mgmt.UndertowHttpManagementService.start(UndertowHttpManagementService.java:224) [wildfly-server-8.0.0.Final.jar:8.0.0.Final]
	... 5 more
Caused by: java.net.BindException: Address already in use
	at sun.nio.ch.Net.bind0(Native Method) [rt.jar:1.7.0_51]
	at sun.nio.ch.Net.bind(Net.java:444) [rt.jar:1.7.0_51]
	at sun.nio.ch.Net.bind(Net.java:436) [rt.jar:1.7.0_51]
	at sun.nio.ch.ServerSocketChannelImpl.bind(ServerSocketChannelImpl.java:214) [rt.jar:1.7.0_51]
	at sun.nio.ch.ServerSocketAdaptor.bind(ServerSocketAdaptor.java:74) [rt.jar:1.7.0_51]
	at sun.nio.ch.ServerSocketAdaptor.bind(ServerSocketAdaptor.java:67) [rt.jar:1.7.0_51]
	at org.xnio.nio.NioXnioWorker.createTcpConnectionServer(NioXnioWorker.java:175)
	at org.xnio.XnioWorker.createStreamConnectionServer(XnioWorker.java:242)
	at org.jboss.as.domain.http.server.ManagementHttpServer.start(ManagementHttpServer.java:135)
	... 6 more

2014-04-16 21:35:50,075 ERROR [org.jboss.as.controller.management-operation] (Controller Boot Thread) JBAS014613: Operation ("add") failed - address: ([
    ("core-service" => "management"),
    ("management-interface" => "http-interface")
]) - failure description: {"JBAS014671: Failed services" => {"jboss.serverManagement.controller.management.http" => "org.jboss.msc.service.StartException in service jboss.serverManagement.controller.management.http: JBAS015811: Failed to start the http-interface service
    Caused by: java.lang.RuntimeException: java.net.BindException: Address already in use
    Caused by: java.net.BindException: Address already in use"}}
2014-04-16 21:35:50,080 ERROR [org.jboss.as.controller.management-operation] (Controller Boot Thread) JBAS014613: Operation ("add") failed - address: ([("subsystem" => "webservices")]) - failure description: {"JBAS014879: One or more services were unable to start due to one or more indirect dependencies not being available." => {
    "Services that were unable to start:" => ["jboss.ws.config"],
    "Services that may be the cause:" => ["jboss.remoting.remotingConnectorInfoService.http-remoting-connector"]
}}
2014-04-16 21:35:50,082 ERROR [org.jboss.as.controller.management-operation] (Controller Boot Thread) JBAS014613: Operation ("add") failed - address: ([
    ("subsystem" => "undertow"),
    ("server" => "default-server"),
    ("http-listener" => "default")
]) - failure description: {"JBAS014671: Failed services" => {"jboss.undertow.listener.default" => "org.jboss.msc.service.StartException in service jboss.undertow.listener.default: Could not start http listener
    Caused by: java.net.BindException: Address already in use"}}
2014-04-16 21:35:50,084 ERROR [org.jboss.as.controller.management-operation] (Controller Boot Thread) JBAS014613: Operation ("add") failed - address: ([
    ("subsystem" => "ejb3"),
    ("service" => "remote")
]) - failure description: {"JBAS014771: Services with missing/unavailable dependencies" => ["jboss.ejb3.connector is missing [jboss.remoting.remotingConnectorInfoService.http-remoting-connector]"]}
2014-04-16 21:35:50,146 INFO  [org.jboss.as.controller] (Controller Boot Thread) JBAS014774: Service status report
JBAS014775:    New missing/unsatisfied dependencies:
      service jboss.remoting.remotingConnectorInfoService.http-remoting-connector (missing) dependents: [service jboss.ejb3.connector] 
JBAS014777:   Services which failed to start:      service jboss.serverManagement.controller.management.http: org.jboss.msc.service.StartException in service jboss.serverManagement.controller.management.http: JBAS015811: Failed to start the http-interface service
      service jboss.undertow.listener.default: org.jboss.msc.service.StartException in service jboss.undertow.listener.default: Could not start http listener

2014-04-16 21:35:50,154 INFO  [org.jboss.as] (Controller Boot Thread) JBAS015964: Http management interface is not enabled
2014-04-16 21:35:50,155 INFO  [org.jboss.as] (Controller Boot Thread) JBAS015954: Admin console is not enabled
2014-04-16 21:35:50,155 ERROR [org.jboss.as] (Controller Boot Thread) JBAS015875: WildFly 8.0.0.Final "WildFly" started (with errors) in 5615ms - Started 170 of 228 services (4 services failed or missing dependencies, 80 services are lazy, passive or on-demand)
2014-04-16 21:36:04,281 INFO  [org.jboss.as.connector.subsystems.datasources] (MSC service thread 1-4) JBAS010409: Unbound data source [java:jboss/datasources/ExampleDS]
2014-04-16 21:36:04,322 INFO  [org.jboss.as.connector.deployers.jdbc] (MSC service thread 1-2) JBAS010418: Stopped Driver service with driver-name = h2
2014-04-16 21:36:04,323 INFO  [org.wildfly.extension.undertow] (MSC service thread 1-1) JBAS017532: Host default-host stopping
2014-04-16 21:36:04,327 INFO  [org.wildfly.extension.undertow] (MSC service thread 1-7) JBAS017506: Undertow 1.0.0.Final stopping
2014-04-16 21:36:04,335 INFO  [org.jboss.as] (MSC service thread 1-8) JBAS015950: WildFly 8.0.0.Final "WildFly" stopped in 26ms
